[02-Jan-2020 15:31:08 UTC] PHP Parse error:  syntax error, unexpected 'year_shortcode' (T_STRING) in C:\xampp\htdocs\Daxn\wp-content\themes\DevelAxn-theme\functions.php on line 53
[02-Jan-2020 15:35:12 UTC] PHP Parse error:  syntax error, unexpected 'year_shortcode' (T_STRING) in C:\xampp\htdocs\Daxn\wp-content\themes\DevelAxn-theme\functions.php on line 53
[02-Jan-2020 15:35:15 UTC] PHP Parse error:  syntax error, unexpected 'year_shortcode' (T_STRING) in C:\xampp\htdocs\Daxn\wp-content\themes\DevelAxn-theme\functions.php on line 53
[02-Jan-2020 15:36:48 UTC] PHP Parse error:  syntax error, unexpected 'year_shortcode' (T_STRING) in C:\xampp\htdocs\Daxn\wp-content\themes\DevelAxn-theme\functions.php on line 53
[02-Jan-2020 15:36:49 UTC] PHP Parse error:  syntax error, unexpected 'year_shortcode' (T_STRING) in C:\xampp\htdocs\Daxn\wp-content\themes\DevelAxn-theme\functions.php on line 53
[02-Jan-2020 15:37:18 UTC] PHP Parse error:  syntax error, unexpected 'año' (T_STRING), expecting variable (T_VARIABLE) or '{' or '$' in C:\xampp\htdocs\Daxn\wp-content\themes\DevelAxn-theme\functions.php on line 54
[02-Jan-2020 15:37:37 UTC] PHP Parse error:  syntax error, unexpected 'year' (T_STRING), expecting variable (T_VARIABLE) or '{' or '$' in C:\xampp\htdocs\Daxn\wp-content\themes\DevelAxn-theme\functions.php on line 54
[02-Jan-2020 15:37:58 UTC] PHP Warning:  Use of undefined constant ‘year’ - assumed '‘year’' (this will throw an Error in a future version of PHP) in C:\xampp\htdocs\Daxn\wp-content\themes\DevelAxn-theme\functions.php on line 57
[02-Jan-2020 15:37:58 UTC] PHP Warning:  Use of undefined constant ‘year_shortcode’ - assumed '‘year_shortcode’' (this will throw an Error in a future version of PHP) in C:\xampp\htdocs\Daxn\wp-content\themes\DevelAxn-theme\functions.php on line 57
[02-Jan-2020 15:39:05 UTC] PHP Warning:  Use of undefined constant ‘year’ - assumed '‘year’' (this will throw an Error in a future version of PHP) in C:\xampp\htdocs\Daxn\wp-content\themes\DevelAxn-theme\functions.php on line 57
[02-Jan-2020 15:39:05 UTC] PHP Warning:  Use of undefined constant ‘year_shortcode’ - assumed '‘year_shortcode’' (this will throw an Error in a future version of PHP) in C:\xampp\htdocs\Daxn\wp-content\themes\DevelAxn-theme\functions.php on line 57
[03-Jan-2020 13:49:39 UTC] PHP Fatal error:  Uncaught Error: Call to undefined function the_excerp() in C:\xampp\htdocs\Daxn\wp-content\themes\DevelAxn-theme\page-clientes.php:23
Stack trace:
#0 C:\xampp\htdocs\Daxn\wp-includes\template-loader.php(98): include()
#1 C:\xampp\htdocs\Daxn\wp-blog-header.php(19): require_once('C:\\xampp\\htdocs...')
#2 C:\xampp\htdocs\Daxn\index.php(17): require('C:\\xampp\\htdocs...')
#3 {main}
  thrown in C:\xampp\htdocs\Daxn\wp-content\themes\DevelAxn-theme\page-clientes.php on line 23
[03-Jan-2020 14:59:11 UTC] PHP Fatal error:  Uncaught Error: Call to undefined function get_field() in C:\xampp\htdocs\Daxn\wp-content\themes\DevelAxn-theme\page-clientes.php:23
Stack trace:
#0 C:\xampp\htdocs\Daxn\wp-includes\template-loader.php(98): include()
#1 C:\xampp\htdocs\Daxn\wp-blog-header.php(19): require_once('C:\\xampp\\htdocs...')
#2 C:\xampp\htdocs\Daxn\index.php(17): require('C:\\xampp\\htdocs...')
#3 {main}
  thrown in C:\xampp\htdocs\Daxn\wp-content\themes\DevelAxn-theme\page-clientes.php on line 23
[03-Jan-2020 14:59:36 UTC] PHP Fatal error:  Uncaught Error: Call to undefined function the_field() in C:\xampp\htdocs\Daxn\wp-content\themes\DevelAxn-theme\page-clientes.php:23
Stack trace:
#0 C:\xampp\htdocs\Daxn\wp-includes\template-loader.php(98): include()
#1 C:\xampp\htdocs\Daxn\wp-blog-header.php(19): require_once('C:\\xampp\\htdocs...')
#2 C:\xampp\htdocs\Daxn\index.php(17): require('C:\\xampp\\htdocs...')
#3 {main}
  thrown in C:\xampp\htdocs\Daxn\wp-content\themes\DevelAxn-theme\page-clientes.php on line 23
[03-Jan-2020 14:59:38 UTC] PHP Fatal error:  Uncaught Error: Call to undefined function the_field() in C:\xampp\htdocs\Daxn\wp-content\themes\DevelAxn-theme\page-clientes.php:23
Stack trace:
#0 C:\xampp\htdocs\Daxn\wp-includes\template-loader.php(98): include()
#1 C:\xampp\htdocs\Daxn\wp-blog-header.php(19): require_once('C:\\xampp\\htdocs...')
#2 C:\xampp\htdocs\Daxn\index.php(17): require('C:\\xampp\\htdocs...')
#3 {main}
  thrown in C:\xampp\htdocs\Daxn\wp-content\themes\DevelAxn-theme\page-clientes.php on line 23
[03-Jan-2020 15:00:38 UTC] PHP Fatal error:  Uncaught Error: Call to undefined function the_field() in C:\xampp\htdocs\Daxn\wp-content\themes\DevelAxn-theme\page-clientes.php:23
Stack trace:
#0 C:\xampp\htdocs\Daxn\wp-includes\template-loader.php(98): include()
#1 C:\xampp\htdocs\Daxn\wp-blog-header.php(19): require_once('C:\\xampp\\htdocs...')
#2 C:\xampp\htdocs\Daxn\index.php(17): require('C:\\xampp\\htdocs...')
#3 {main}
  thrown in C:\xampp\htdocs\Daxn\wp-content\themes\DevelAxn-theme\page-clientes.php on line 23
[03-Jan-2020 15:00:40 UTC] PHP Fatal error:  Uncaught Error: Call to undefined function the_field() in C:\xampp\htdocs\Daxn\wp-content\themes\DevelAxn-theme\page-clientes.php:23
Stack trace:
#0 C:\xampp\htdocs\Daxn\wp-includes\template-loader.php(98): include()
#1 C:\xampp\htdocs\Daxn\wp-blog-header.php(19): require_once('C:\\xampp\\htdocs...')
#2 C:\xampp\htdocs\Daxn\index.php(17): require('C:\\xampp\\htdocs...')
#3 {main}
  thrown in C:\xampp\htdocs\Daxn\wp-content\themes\DevelAxn-theme\page-clientes.php on line 23
[03-Jan-2020 15:11:11 UTC] PHP Parse error:  syntax error, unexpected '}', expecting end of file in C:\xampp\htdocs\Daxn\wp-content\themes\DevelAxn-theme\page-clientes.php on line 30
[03-Jan-2020 15:15:15 UTC] PHP Parse error:  syntax error, unexpected '}', expecting end of file in C:\xampp\htdocs\Daxn\wp-content\themes\DevelAxn-theme\page-clientes.php on line 37
[03-Jan-2020 15:15:17 UTC] PHP Parse error:  syntax error, unexpected '}', expecting end of file in C:\xampp\htdocs\Daxn\wp-content\themes\DevelAxn-theme\page-clientes.php on line 37
[03-Jan-2020 20:49:19 UTC] PHP Notice:  Undefined offset: 1 in C:\xampp\htdocs\Daxn\wp-includes\class-wp-query.php on line 3252
[04-Jan-2020 09:21:58 UTC] PHP Parse error:  syntax error, unexpected 'flip' (T_STRING), expecting ')' in C:\xampp\htdocs\Daxn\wp-content\themes\DevelAxn-theme\page-inicio.php on line 129
[04-Jan-2020 10:13:41 UTC] PHP Parse error:  syntax error, unexpected '<', expecting end of file in C:\xampp\htdocs\Daxn\wp-content\themes\DevelAxn-theme\_includes\pie-blog.php on line 3
[04-Jan-2020 10:14:45 UTC] PHP Parse error:  syntax error, unexpected '<', expecting end of file in C:\xampp\htdocs\Daxn\wp-content\themes\DevelAxn-theme\_includes\pie-blog.php on line 3
[04-Jan-2020 10:20:09 UTC] PHP Parse error:  syntax error, unexpected '<', expecting end of file in C:\xampp\htdocs\Daxn\wp-content\themes\DevelAxn-theme\_includes\pie-blog.php on line 2
[04-Jan-2020 10:20:27 UTC] PHP Parse error:  syntax error, unexpected 'ipsum' (T_STRING) in C:\xampp\htdocs\Daxn\wp-content\themes\DevelAxn-theme\_includes\pie-blog.php on line 2
[04-Jan-2020 10:20:42 UTC] PHP Parse error:  syntax error, unexpected '<', expecting end of file in C:\xampp\htdocs\Daxn\wp-content\themes\DevelAxn-theme\_includes\pie-blog.php on line 2
[04-Jan-2020 10:21:05 UTC] PHP Parse error:  syntax error, unexpected '<', expecting end of file in C:\xampp\htdocs\Daxn\wp-content\themes\DevelAxn-theme\_includes\pie-blog.php on line 2
[05-Jan-2020 21:22:51 UTC] PHP Parse error:  syntax error, unexpected '<', expecting end of file in C:\xampp\htdocs\Daxn\wp-content\themes\DevelAxn-theme\_includes\contact-section.php on line 3
[05-Jan-2020 21:22:51 UTC] PHP Notice:  Undefined offset: 0 in C:\xampp\htdocs\Daxn\wp-includes\class-wp-query.php on line 3252
[05-Jan-2020 21:22:52 UTC] PHP Notice:  Undefined offset: 0 in C:\xampp\htdocs\Daxn\wp-includes\class-wp-query.php on line 3252
[05-Jan-2020 21:23:52 UTC] PHP Parse error:  syntax error, unexpected '<', expecting end of file in C:\xampp\htdocs\Daxn\wp-content\themes\DevelAxn-theme\_includes\contact-section.php on line 3
[06-Jan-2020 02:24:35 UTC] PHP Notice:  Undefined offset: 0 in C:\xampp\htdocs\Daxn\wp-includes\class-wp-query.php on line 3252
[06-Jan-2020 02:24:36 UTC] PHP Notice:  Undefined offset: 0 in C:\xampp\htdocs\Daxn\wp-includes\class-wp-query.php on line 3252
[06-Jan-2020 02:35:53 UTC] PHP Notice:  Undefined offset: 0 in C:\xampp\htdocs\Daxn\wp-includes\class-wp-query.php on line 3252
[06-Jan-2020 13:11:58 UTC] PHP Notice:  Undefined offset: 0 in C:\xampp\htdocs\Daxn\wp-includes\class-wp-query.php on line 3252
[06-Jan-2020 13:37:26 UTC] PHP Notice:  Undefined offset: 0 in C:\xampp\htdocs\Daxn\wp-includes\class-wp-query.php on line 3252
[06-Jan-2020 13:37:27 UTC] PHP Notice:  Undefined offset: 0 in C:\xampp\htdocs\Daxn\wp-includes\class-wp-query.php on line 3252
[06-Jan-2020 14:04:33 UTC] PHP Parse error:  syntax error, unexpected 'id' (T_STRING), expecting ']' in C:\xampp\htdocs\Daxn\wp-content\themes\DevelAxn-theme\_includes\contact-section.php on line 7
[06-Jan-2020 14:04:59 UTC] PHP Parse error:  syntax error, unexpected 'id' (T_STRING), expecting ']' in C:\xampp\htdocs\Daxn\wp-content\themes\DevelAxn-theme\_includes\contact-section.php on line 7
[06-Jan-2020 14:05:02 UTC] PHP Parse error:  syntax error, unexpected 'id' (T_STRING), expecting ']' in C:\xampp\htdocs\Daxn\wp-content\themes\DevelAxn-theme\_includes\contact-section.php on line 7
[06-Jan-2020 14:59:39 UTC] PHP Notice:  Undefined offset: 0 in C:\xampp\htdocs\Daxn\wp-includes\class-wp-query.php on line 3252
[06-Jan-2020 15:44:22 UTC] PHP Notice:  Undefined offset: 0 in C:\xampp\htdocs\Daxn\wp-includes\class-wp-query.php on line 3252
[06-Jan-2020 15:44:22 UTC] PHP Notice:  Undefined offset: 0 in C:\xampp\htdocs\Daxn\wp-includes\class-wp-query.php on line 3252
[06-Jan-2020 15:44:32 UTC] PHP Notice:  Undefined offset: 0 in C:\xampp\htdocs\Daxn\wp-includes\class-wp-query.php on line 3252
[06-Jan-2020 15:53:13 UTC] PHP Notice:  Undefined offset: 0 in C:\xampp\htdocs\Daxn\wp-includes\class-wp-query.php on line 3252
[06-Jan-2020 15:53:14 UTC] PHP Notice:  Undefined offset: 0 in C:\xampp\htdocs\Daxn\wp-includes\class-wp-query.php on line 3252
[06-Jan-2020 18:29:01 UTC] PHP Notice:  Undefined offset: 0 in C:\xampp\htdocs\Daxn\wp-includes\class-wp-query.php on line 3252
[06-Jan-2020 18:29:01 UTC] PHP Notice:  Undefined offset: 0 in C:\xampp\htdocs\Daxn\wp-includes\class-wp-query.php on line 3252
[06-Jan-2020 18:34:45 UTC] PHP Notice:  Undefined offset: 0 in C:\xampp\htdocs\Daxn\wp-includes\class-wp-query.php on line 3252
[06-Jan-2020 18:35:37 UTC] PHP Notice:  Undefined offset: 0 in C:\xampp\htdocs\Daxn\wp-includes\class-wp-query.php on line 3252
[06-Jan-2020 18:35:38 UTC] PHP Notice:  Undefined offset: 0 in C:\xampp\htdocs\Daxn\wp-includes\class-wp-query.php on line 3252
[06-Jan-2020 18:35:38 UTC] PHP Notice:  Undefined offset: 0 in C:\xampp\htdocs\Daxn\wp-includes\class-wp-query.php on line 3252
[06-Jan-2020 18:35:40 UTC] PHP Notice:  Undefined offset: 0 in C:\xampp\htdocs\Daxn\wp-includes\class-wp-query.php on line 3252
[06-Jan-2020 18:35:43 UTC] PHP Notice:  Undefined offset: 0 in C:\xampp\htdocs\Daxn\wp-includes\class-wp-query.php on line 3252
[06-Jan-2020 18:35:44 UTC] PHP Notice:  Undefined offset: 0 in C:\xampp\htdocs\Daxn\wp-includes\class-wp-query.php on line 3252
[06-Jan-2020 18:37:49 UTC] PHP Notice:  Undefined offset: 0 in C:\xampp\htdocs\Daxn\wp-includes\class-wp-query.php on line 3252
[06-Jan-2020 18:38:37 UTC] PHP Notice:  Undefined offset: 0 in C:\xampp\htdocs\Daxn\wp-includes\class-wp-query.php on line 3252
[06-Jan-2020 18:38:39 UTC] PHP Notice:  Undefined offset: 0 in C:\xampp\htdocs\Daxn\wp-includes\class-wp-query.php on line 3252
[06-Jan-2020 18:38:40 UTC] PHP Notice:  Undefined offset: 0 in C:\xampp\htdocs\Daxn\wp-includes\class-wp-query.php on line 3252
[06-Jan-2020 18:38:42 UTC] PHP Notice:  Undefined offset: 0 in C:\xampp\htdocs\Daxn\wp-includes\class-wp-query.php on line 3252
[06-Jan-2020 19:06:10 UTC] PHP Notice:  Undefined offset: 0 in C:\xampp\htdocs\Daxn\wp-includes\class-wp-query.php on line 3252
[06-Jan-2020 19:07:06 UTC] PHP Notice:  Undefined offset: 0 in C:\xampp\htdocs\Daxn\wp-includes\class-wp-query.php on line 3252
[06-Jan-2020 20:11:29 UTC] PHP Notice:  Undefined offset: 0 in C:\xampp\htdocs\Daxn\wp-includes\class-wp-query.php on line 3252
[06-Jan-2020 20:11:33 UTC] PHP Notice:  Undefined offset: 0 in C:\xampp\htdocs\Daxn\wp-includes\class-wp-query.php on line 3252
[06-Jan-2020 20:12:06 UTC] PHP Notice:  Undefined offset: 0 in C:\xampp\htdocs\Daxn\wp-includes\class-wp-query.php on line 3252
[06-Jan-2020 20:12:15 UTC] PHP Notice:  Undefined offset: 0 in C:\xampp\htdocs\Daxn\wp-includes\class-wp-query.php on line 3252
[06-Jan-2020 20:12:17 UTC] PHP Notice:  Undefined offset: 0 in C:\xampp\htdocs\Daxn\wp-includes\class-wp-query.php on line 3252
[06-Jan-2020 20:17:44 UTC] PHP Notice:  Undefined offset: 0 in C:\xampp\htdocs\Daxn\wp-includes\class-wp-query.php on line 3252
[06-Jan-2020 20:20:54 UTC] PHP Notice:  Undefined offset: 0 in C:\xampp\htdocs\Daxn\wp-includes\class-wp-query.php on line 3252
[06-Jan-2020 20:21:07 UTC] PHP Notice:  Undefined offset: 0 in C:\xampp\htdocs\Daxn\wp-includes\class-wp-query.php on line 3252
[06-Jan-2020 20:21:39 UTC] PHP Notice:  Undefined offset: 0 in C:\xampp\htdocs\Daxn\wp-includes\class-wp-query.php on line 3252
[06-Jan-2020 20:21:40 UTC] PHP Notice:  Undefined offset: 0 in C:\xampp\htdocs\Daxn\wp-includes\class-wp-query.php on line 3252
